0 info it worked if it ends with ok
1 verbose cli [ 'C:\\Program Files\\nodejs\\node.exe',
1 verbose cli   'C:\\Program Files\\nodejs\\node_modules\\npm\\bin\\npm-cli.js',
1 verbose cli   'run',
1 verbose cli   'publish' ]
2 info using npm@3.10.10
3 info using node@v6.11.3
4 verbose run-script [ 'prepublish', 'publish', 'postpublish' ]
5 info lifecycle electron-updater-example@0.5.0~prepublish: electron-updater-example@0.5.0
6 silly lifecycle electron-updater-example@0.5.0~prepublish: no script for prepublish, continuing
7 info lifecycle electron-updater-example@0.5.0~publish: electron-updater-example@0.5.0
8 verbose lifecycle electron-updater-example@0.5.0~publish: unsafe-perm in lifecycle true
9 verbose lifecycle electron-updater-example@0.5.0~publish: PATH: C:\Program Files\nodejs\node_modules\npm\bin\node-gyp-bin;C:\ccc\electron-updater-example\node_modules\.bin;%SystemRoot%\system32\WindowsPowerShell\v1.0\;C:\ProgramData\Oracle\Java\javapath;C:\Windows\system32;C:\Windows;C:\Windows\System32\Wbem;C:\Windows\System32\WindowsPowerShell\v1.0\;C:\Program Files (x86)\PuTTY\;C:\Program Files\MATLAB\R2008a\bin;C:\Program Files\MATLAB\R2008a\bin\win64;C:\Program Files\nodejs\;C:\Program Files\Git\cmd;C:\ccc\install;C:\Modeltech_pe_edu_10.4a\win32pe_edu;C:\modeltech_10.0b\win32;C:\Users\321teacher\AppData\Roaming\npm;C:\Program Files\Microsoft VS Code\bin
10 verbose lifecycle electron-updater-example@0.5.0~publish: CWD: C:\ccc\electron-updater-example
11 silly lifecycle electron-updater-example@0.5.0~publish: Args: [ '/d /s /c', 'build -p always' ]
12 silly lifecycle electron-updater-example@0.5.0~publish: Returned: code: 1  signal: null
13 info lifecycle electron-updater-example@0.5.0~publish: Failed to exec publish script
14 verbose stack Error: electron-updater-example@0.5.0 publish: `build -p always`
14 verbose stack Exit status 1
14 verbose stack     at EventEmitter.<anonymous> (C:\Program Files\nodejs\node_modules\npm\lib\utils\lifecycle.js:255:16)
14 verbose stack     at emitTwo (events.js:106:13)
14 verbose stack     at EventEmitter.emit (events.js:191:7)
14 verbose stack     at ChildProcess.<anonymous> (C:\Program Files\nodejs\node_modules\npm\lib\utils\spawn.js:40:14)
14 verbose stack     at emitTwo (events.js:106:13)
14 verbose stack     at ChildProcess.emit (events.js:191:7)
14 verbose stack     at maybeClose (internal/child_process.js:920:16)
14 verbose stack     at Process.ChildProcess._handle.onexit (internal/child_process.js:230:5)
15 verbose pkgid electron-updater-example@0.5.0
16 verbose cwd C:\ccc\electron-updater-example
17 error Windows_NT 6.1.7601
18 error argv "C:\\Program Files\\nodejs\\node.exe" "C:\\Program Files\\nodejs\\node_modules\\npm\\bin\\npm-cli.js" "run" "publish"
19 error node v6.11.3
20 error npm  v3.10.10
21 error code ELIFECYCLE
22 error electron-updater-example@0.5.0 publish: `build -p always`
22 error Exit status 1
23 error Failed at the electron-updater-example@0.5.0 publish script 'build -p always'.
23 error Make sure you have the latest version of node.js and npm installed.
23 error If you do, this is most likely a problem with the electron-updater-example package,
23 error not with npm itself.
23 error Tell the author that this fails on your system:
23 error     build -p always
23 error You can get information on how to open an issue for this project with:
23 error     npm bugs electron-updater-example
23 error Or if that isn't available, you can get their info via:
23 error     npm owner ls electron-updater-example
23 error There is likely additional logging output above.
24 verbose exit [ 1, true ]
